Byte-compiling stack-f.el...
Wrote /home/elgreko/.emacs.d/site-lisp/elib/stack-f.elc
Byte-compiling stack-m.el...

In toplevel form:
stack-m.el:52:1:Warning: !! The file uses old-style backquotes !!
This functionality has been obsolete for more than 10 years already
and will be removed soon.  See (elisp)Backquote in the manual.
stack-m.el:57:1:Warning: !! The file uses old-style backquotes !!
This functionality has been obsolete for more than 10 years already
and will be removed soon.  See (elisp)Backquote in the manual.
stack-m.el:62:1:Warning: !! The file uses old-style backquotes !!
This functionality has been obsolete for more than 10 years already
and will be removed soon.  See (elisp)Backquote in the manual.
stack-m.el:68:1:Warning: !! The file uses old-style backquotes !!
This functionality has been obsolete for more than 10 years already
and will be removed soon.  See (elisp)Backquote in the manual.
stack-m.el:76:1:Warning: !! The file uses old-style backquotes !!
This functionality has been obsolete for more than 10 years already
and will be removed soon.  See (elisp)Backquote in the manual.
stack-m.el:81:1:Warning: !! The file uses old-style backquotes !!
This functionality has been obsolete for more than 10 years already
and will be removed soon.  See (elisp)Backquote in the manual.
stack-m.el:86:1:Warning: !! The file uses old-style backquotes !!
This functionality has been obsolete for more than 10 years already
and will be removed soon.  See (elisp)Backquote in the manual.
stack-m.el:95:1:Warning: !! The file uses old-style backquotes !!
This functionality has been obsolete for more than 10 years already
and will be removed soon.  See (elisp)Backquote in the manual.
stack-m.el:101:1:Warning: !! The file uses old-style backquotes !!
This functionality has been obsolete for more than 10 years already
and will be removed soon.  See (elisp)Backquote in the manual.
stack-m.el:107:1:Warning: !! The file uses old-style backquotes !!
This functionality has been obsolete for more than 10 years already
and will be removed soon.  See (elisp)Backquote in the manual.
stack-m.el:112:1:Warning: !! The file uses old-style backquotes !!
This functionality has been obsolete for more than 10 years already
and will be removed soon.  See (elisp)Backquote in the manual.
Wrote /home/elgreko/.emacs.d/site-lisp/elib/stack-m.elc
Byte-compiling queue-f.el...
Wrote /home/elgreko/.emacs.d/site-lisp/elib/queue-f.elc
Byte-compiling queue-m.el...

In toplevel form:
queue-m.el:55:1:Warning: !! The file uses old-style backquotes !!
This functionality has been obsolete for more than 10 years already
and will be removed soon.  See (elisp)Backquote in the manual.
queue-m.el:60:1:Warning: !! The file uses old-style backquotes !!
This functionality has been obsolete for more than 10 years already
and will be removed soon.  See (elisp)Backquote in the manual.
queue-m.el:92:1:Warning: !! The file uses old-style backquotes !!
This functionality has been obsolete for more than 10 years already
and will be removed soon.  See (elisp)Backquote in the manual.
queue-m.el:97:1:Warning: !! The file uses old-style backquotes !!
This functionality has been obsolete for more than 10 years already
and will be removed soon.  See (elisp)Backquote in the manual.
queue-m.el:103:1:Warning: !! The file uses old-style backquotes !!
This functionality has been obsolete for more than 10 years already
and will be removed soon.  See (elisp)Backquote in the manual.
queue-m.el:112:1:Warning: !! The file uses old-style backquotes !!
This functionality has been obsolete for more than 10 years already
and will be removed soon.  See (elisp)Backquote in the manual.
queue-m.el:117:1:Warning: !! The file uses old-style backquotes !!
This functionality has been obsolete for more than 10 years already
and will be removed soon.  See (elisp)Backquote in the manual.
queue-m.el:132:1:Warning: !! The file uses old-style backquotes !!
This functionality has been obsolete for more than 10 years already
and will be removed soon.  See (elisp)Backquote in the manual.
queue-m.el:137:1:Warning: !! The file uses old-style backquotes !!
This functionality has been obsolete for more than 10 years already
and will be removed soon.  See (elisp)Backquote in the manual.
Wrote /home/elgreko/.emacs.d/site-lisp/elib/queue-m.elc
Byte-compiling elib-node.el...

In toplevel form:
elib-node.el:49:1:Warning: !! The file uses old-style backquotes !!
This functionality has been obsolete for more than 10 years already
and will be removed soon.  See (elisp)Backquote in the manual.
elib-node.el:55:1:Warning: !! The file uses old-style backquotes !!
This functionality has been obsolete for more than 10 years already
and will be removed soon.  See (elisp)Backquote in the manual.
elib-node.el:61:1:Warning: !! The file uses old-style backquotes !!
This functionality has been obsolete for more than 10 years already
and will be removed soon.  See (elisp)Backquote in the manual.
elib-node.el:67:1:Warning: !! The file uses old-style backquotes !!
This functionality has been obsolete for more than 10 years already
and will be removed soon.  See (elisp)Backquote in the manual.
elib-node.el:73:1:Warning: !! The file uses old-style backquotes !!
This functionality has been obsolete for more than 10 years already
and will be removed soon.  See (elisp)Backquote in the manual.
elib-node.el:79:1:Warning: !! The file uses old-style backquotes !!
This functionality has been obsolete for more than 10 years already
and will be removed soon.  See (elisp)Backquote in the manual.
elib-node.el:85:1:Warning: !! The file uses old-style backquotes !!
This functionality has been obsolete for more than 10 years already
and will be removed soon.  See (elisp)Backquote in the manual.
elib-node.el:91:1:Warning: !! The file uses old-style backquotes !!
This functionality has been obsolete for more than 10 years already
and will be removed soon.  See (elisp)Backquote in the manual.
elib-node.el:100:1:Warning: !! The file uses old-style backquotes !!
This functionality has been obsolete for more than 10 years already
and will be removed soon.  See (elisp)Backquote in the manual.
Wrote /home/elgreko/.emacs.d/site-lisp/elib/elib-node.elc
Byte-compiling dll.el...

In toplevel form:
dll.el:87:1:Warning: !! The file uses old-style backquotes !!
This functionality has been obsolete for more than 10 years already
and will be removed soon.  See (elisp)Backquote in the manual.
Wrote /home/elgreko/.emacs.d/site-lisp/elib/dll.elc
Byte-compiling dll-debug.el...

In toplevel form:
dll-debug.el:74:1:Warning: !! The file uses old-style backquotes !!
This functionality has been obsolete for more than 10 years already
and will be removed soon.  See (elisp)Backquote in the manual.
dll-debug.el:84:1:Warning: !! The file uses old-style backquotes !!
This functionality has been obsolete for more than 10 years already
and will be removed soon.  See (elisp)Backquote in the manual.

In dll-map-reverse:
dll-debug.el:276:6:Warning: `mapcar' called for effect; use `mapc' or `dolist'
    instead
Wrote /home/elgreko/.emacs.d/site-lisp/elib/dll-debug.elc
Byte-compiling bintree.el...

In toplevel form:
bintree.el:64:1:Warning: !! The file uses old-style backquotes !!
This functionality has been obsolete for more than 10 years already
and will be removed soon.  See (elisp)Backquote in the manual.
bintree.el:70:1:Warning: !! The file uses old-style backquotes !!
This functionality has been obsolete for more than 10 years already
and will be removed soon.  See (elisp)Backquote in the manual.
bintree.el:76:1:Warning: !! The file uses old-style backquotes !!
This functionality has been obsolete for more than 10 years already
and will be removed soon.  See (elisp)Backquote in the manual.

In end of data:
bintree.el:354:1:Warning: the following functions are not known to be defined:
    elib-stack-create, elib-stack-push, elib-stack-pop
Wrote /home/elgreko/.emacs.d/site-lisp/elib/bintree.elc
Byte-compiling avltree.el...

In toplevel form:
avltree.el:69:1:Warning: !! The file uses old-style backquotes !!
This functionality has been obsolete for more than 10 years already
and will be removed soon.  See (elisp)Backquote in the manual.
avltree.el:75:1:Warning: !! The file uses old-style backquotes !!
This functionality has been obsolete for more than 10 years already
and will be removed soon.  See (elisp)Backquote in the manual.
avltree.el:81:1:Warning: !! The file uses old-style backquotes !!
This functionality has been obsolete for more than 10 years already
and will be removed soon.  See (elisp)Backquote in the manual.
avltree.el:96:1:Warning: !! The file uses old-style backquotes !!
This functionality has been obsolete for more than 10 years already
and will be removed soon.  See (elisp)Backquote in the manual.
avltree.el:102:1:Warning: !! The file uses old-style backquotes !!
This functionality has been obsolete for more than 10 years already
and will be removed soon.  See (elisp)Backquote in the manual.
avltree.el:109:1:Warning: !! The file uses old-style backquotes !!
This functionality has been obsolete for more than 10 years already
and will be removed soon.  See (elisp)Backquote in the manual.

In end of data:
avltree.el:588:1:Warning: the following functions are not known to be defined:
    elib-stack-create, elib-stack-push, elib-stack-pop
Wrote /home/elgreko/.emacs.d/site-lisp/elib/avltree.elc
Byte-compiling cookie.el...

In toplevel form:
cookie.el:134:1:Warning: !! The file uses old-style backquotes !!
This functionality has been obsolete for more than 10 years already
and will be removed soon.  See (elisp)Backquote in the manual.
cookie.el:153:1:Warning: !! The file uses old-style backquotes !!
This functionality has been obsolete for more than 10 years already
and will be removed soon.  See (elisp)Backquote in the manual.
cookie.el:173:1:Warning: !! The file uses old-style backquotes !!
This functionality has been obsolete for more than 10 years already
and will be removed soon.  See (elisp)Backquote in the manual.

In elib-refresh-tin:
cookie.el:375:41:Warning: reference to free variable `dll'
Wrote /home/elgreko/.emacs.d/site-lisp/elib/cookie.elc
Byte-compiling string.el...

In elib-string-expand-newtext:
string.el:104:22:Warning: reference to free variable `newtext'
string.el:122:51:Warning: reference to free variable `string'
Wrote /home/elgreko/.emacs.d/site-lisp/elib/string.elc
Byte-compiling read.el...

In read-number:
read.el:64:28:Warning: `string-to-int' is an obsolete function (as of Emacs
    22.1); use `string-to-number' instead.
Wrote /home/elgreko/.emacs.d/site-lisp/elib/read.elc
